TN:
SF:server/auth.ts
FN:8,hashPassword
FN:12,verifyPassword
FN:17,(anonymous_12)
FN:21,(anonymous_13)
FN:21,(anonymous_14)
FN:86,(anonymous_15)
FN:86,(anonymous_16)
FNF:7
FNH:5
FNDA:7,hashPassword
FNDA:7,verifyPassword
FNDA:1,(anonymous_12)
FNDA:3,(anonymous_13)
FNDA:3,(anonymous_14)
FNDA:0,(anonymous_15)
FNDA:0,(anonymous_16)
DA:1,1
DA:2,1
DA:3,1
DA:4,1
DA:5,1
DA:8,1
DA:9,7
DA:12,1
DA:13,7
DA:17,1
DA:18,1
DA:21,3
DA:22,3
DA:23,3
DA:24,3
DA:25,2
DA:26,1
DA:27,1
DA:29,1
DA:32,1
DA:33,1
DA:37,1
DA:42,1
DA:44,1
DA:47,1
DA:48,1
DA:52,1
DA:55,1
DA:56,1
DA:60,0
DA:61,0
DA:62,0
DA:65,0
DA:66,0
DA:69,0
DA:71,0
DA:74,0
DA:77,1
DA:79,1
DA:80,1
DA:82,1
DA:86,0
DA:87,0
DA:88,0
DA:91,0
DA:93,0
DA:94,0
DA:98,0
DA:99,0
DA:100,0
DA:101,0
DA:103,0
DA:104,0
DA:105,0
DA:107,0
DA:108,0
DA:110,0
DA:111,0
DA:114,0
DA:115,0
DA:117,0
DA:118,0
DA:121,0
DA:123,0
DA:125,0
DA:126,0
DA:131,0
DA:132,0
DA:139,0
DA:142,0
DA:144,0
DA:145,0
DA:148,0
DA:149,0
DA:152,0
DA:153,0
DA:156,0
DA:157,0
DA:161,0
DA:165,0
DA:168,1
LF:81
LH:34
BRDA:25,0,0,1
BRDA:25,0,1,1
BRDA:42,1,0,1
BRDA:42,1,1,0
BRDA:42,2,0,1
BRDA:42,2,1,1
BRDA:44,3,0,1
BRDA:44,3,1,0
BRDA:47,4,0,1
BRDA:47,4,1,0
BRDA:47,4,2,0
BRDA:52,5,0,1
BRDA:52,5,1,0
BRDA:55,6,0,1
BRDA:55,6,1,0
BRDA:55,7,0,1
BRDA:55,7,1,1
BRDA:60,8,0,0
BRDA:60,8,1,0
BRDA:61,9,0,0
BRDA:61,9,1,0
BRDA:69,10,0,0
BRDA:69,10,1,0
BRDA:71,11,0,0
BRDA:71,11,1,0
BRDA:93,12,0,0
BRDA:93,12,1,0
BRDA:98,13,0,0
BRDA:98,13,1,0
BRDA:98,14,0,0
BRDA:98,14,1,0
BRDA:98,15,0,0
BRDA:98,15,1,0
BRDA:98,16,0,0
BRDA:98,16,1,0
BRDA:99,17,0,0
BRDA:99,17,1,0
BRDA:101,18,0,0
BRDA:101,18,1,0
BRDA:101,19,0,0
BRDA:101,19,1,0
BRDA:114,20,0,0
BRDA:114,20,1,0
BRDA:117,21,0,0
BRDA:117,21,1,0
BRDA:123,22,0,0
BRDA:123,22,1,0
BRDA:123,23,0,0
BRDA:123,23,1,0
BRDA:131,24,0,0
BRDA:131,24,1,0
BRDA:134,25,0,0
BRDA:134,25,1,0
BRDA:134,25,2,0
BRDA:134,26,0,0
BRDA:134,26,1,0
BRDA:134,27,0,0
BRDA:134,27,1,0
BRDA:134,28,0,0
BRDA:134,28,1,0
BRDA:134,29,0,0
BRDA:134,29,1,0
BRDA:142,30,0,0
BRDA:142,30,1,0
BRDA:148,31,0,0
BRDA:148,31,1,0
BRDA:148,32,0,0
BRDA:148,32,1,0
BRDA:148,33,0,0
BRDA:148,33,1,0
BRDA:152,34,0,0
BRDA:152,34,1,0
BRDA:152,35,0,0
BRDA:152,35,1,0
BRDA:156,36,0,0
BRDA:156,36,1,0
BRDA:156,37,0,0
BRDA:156,37,1,0
BRF:78
BRH:11
end_of_record
TN:
SF:server/email-service.ts
FN:50,initializeMailService
FN:67,sanitizeSendGridError
FN:80,(anonymous_9)
FN:82,(anonymous_10)
FN:114,sendEmailV2
FN:163,(anonymous_13)
FN:164,(anonymous_14)
FN:212,sendEmail
FN:232,(anonymous_17)
FN:234,(anonymous_19)
FN:234,(anonymous_20)
FN:245,(anonymous_21)
FN:303,(anonymous_23)
FN:351,(anonymous_25)
FN:387,(anonymous_27)
FNF:15
FNH:2
FNDA:5,initializeMailService
FNDA:0,sanitizeSendGridError
FNDA:0,(anonymous_9)
FNDA:0,(anonymous_10)
FNDA:5,sendEmailV2
FNDA:0,(anonymous_13)
FNDA:0,(anonymous_14)
FNDA:0,sendEmail
FNDA:0,(anonymous_17)
FNDA:0,(anonymous_19)
FNDA:0,(anonymous_20)
FNDA:0,(anonymous_21)
FNDA:0,(anonymous_23)
FNDA:0,(anonymous_25)
FNDA:0,(anonymous_27)
DA:1,1
DA:2,1
DA:48,1
DA:51,5
DA:52,1
DA:53,1
DA:56,4
DA:57,1
DA:58,1
DA:59,0
DA:61,3
DA:68,0
DA:69,0
DA:73,0
DA:76,0
DA:79,0
DA:80,0
DA:81,0
DA:82,0
DA:83,0
DA:84,0
DA:87,0
DA:92,0
DA:93,0
DA:94,0
DA:95,0
DA:98,0
DA:99,0
DA:102,0
DA:114,1
DA:115,5
DA:116,1
DA:117,1
DA:124,3
DA:125,0
DA:126,0
DA:133,3
DA:134,3
DA:135,1
DA:136,1
DA:142,2
DA:143,0
DA:144,0
DA:150,2
DA:151,2
DA:159,2
DA:162,2
DA:163,0
DA:164,0
DA:167,0
DA:170,0
DA:171,0
DA:175,2
DA:177,2
DA:178,2
DA:179,2
DA:181,2
DA:182,2
DA:183,2
DA:185,2
DA:187,0
DA:188,0
DA:192,2
DA:193,0
DA:194,2
DA:195,0
DA:196,2
DA:197,0
DA:201,2
DA:202,2
DA:212,1
DA:213,0
DA:214,0
DA:228,1
DA:229,1
DA:234,0
DA:235,0
DA:236,0
DA:238,0
DA:239,0
DA:246,0
DA:247,0
DA:273,0
DA:293,0
DA:304,0
DA:311,0
DA:312,0
DA:314,0
DA:341,0
DA:352,0
DA:353,0
DA:377,0
DA:388,0
DA:389,0
DA:391,0
DA:419,0
LF:96
LH:40
BRDA:51,0,0,1
BRDA:51,0,1,4
BRDA:56,1,0,1
BRDA:56,1,1,3
BRDA:59,2,0,0
BRDA:59,2,1,0
BRDA:68,3,0,0
BRDA:68,3,1,0
BRDA:68,4,0,0
BRDA:68,4,1,0
BRDA:79,5,0,0
BRDA:79,5,1,0
BRDA:83,6,0,0
BRDA:83,6,1,0
BRDA:92,7,0,0
BRDA:92,7,1,0
BRDA:93,8,0,0
BRDA:93,8,1,0
BRDA:94,9,0,0
BRDA:94,9,1,0
BRDA:95,10,0,0
BRDA:95,10,1,0
BRDA:98,11,0,0
BRDA:98,11,1,0
BRDA:115,12,0,1
BRDA:115,12,1,3
BRDA:115,13,0,5
BRDA:115,13,1,3
BRDA:124,14,0,0
BRDA:124,14,1,3
BRDA:124,15,0,3
BRDA:124,15,1,3
BRDA:124,15,2,3
BRDA:134,16,0,1
BRDA:134,16,1,2
BRDA:142,17,0,0
BRDA:142,17,1,2
BRDA:155,18,0,2
BRDA:155,18,1,2
BRDA:156,19,0,2
BRDA:156,19,1,0
BRDA:172,20,0,0
BRDA:172,20,1,0
BRDA:172,21,0,0
BRDA:172,21,1,0
BRDA:172,22,0,0
BRDA:172,22,1,0
BRDA:172,23,0,0
BRDA:172,23,1,0
BRDA:172,24,0,0
BRDA:172,24,1,0
BRDA:177,25,0,2
BRDA:177,25,1,0
BRDA:178,26,0,2
BRDA:178,26,1,2
BRDA:178,26,2,2
BRDA:178,27,0,2
BRDA:178,27,1,0
BRDA:178,28,0,2
BRDA:178,28,1,2
BRDA:179,29,0,2
BRDA:179,29,1,2
BRDA:179,30,0,2
BRDA:179,30,1,0
BRDA:179,31,0,2
BRDA:179,31,1,2
BRDA:185,32,0,0
BRDA:185,32,1,2
BRDA:192,33,0,0
BRDA:192,33,1,2
BRDA:194,34,0,0
BRDA:194,34,1,2
BRDA:196,35,0,0
BRDA:196,35,1,2
BRDA:205,36,0,2
BRDA:205,36,1,2
BRDA:205,36,2,2
BRDA:206,37,0,0
BRDA:206,37,1,2
BRDA:259,38,0,0
BRDA:259,38,1,0
BRDA:260,39,0,0
BRDA:260,39,1,0
BRDA:284,40,0,0
BRDA:284,40,1,0
BRDA:284,41,0,0
BRDA:284,41,1,0
BRDA:312,42,0,0
BRDA:312,42,1,0
BRDA:326,43,0,0
BRDA:326,43,1,0
BRDA:329,44,0,0
BRDA:329,44,1,0
BRDA:396,45,0,0
BRDA:396,45,1,0
BRDA:424,46,0,0
BRDA:424,46,1,0
BRDA:229,47,0,1
BRDA:229,47,1,0
BRF:99
BRH:39
end_of_record
TN:
SF:server/otp-service.ts
FN:46,(anonymous_8)
FN:67,(anonymous_9)
FN:74,(anonymous_10)
FN:83,(anonymous_11)
FN:94,(anonymous_12)
FN:165,(anonymous_14)
FN:176,(anonymous_16)
FN:252,(anonymous_18)
FN:345,(anonymous_20)
FN:359,(anonymous_22)
FN:437,(anonymous_23)
FN:446,(anonymous_24)
FNF:12
FNH:8
FNDA:4,(anonymous_8)
FNDA:3,(anonymous_9)
FNDA:5,(anonymous_10)
FNDA:2,(anonymous_11)
FNDA:3,(anonymous_12)
FNDA:4,(anonymous_14)
FNDA:4,(anonymous_16)
FNDA:5,(anonymous_18)
FNDA:0,(anonymous_20)
FNDA:0,(anonymous_22)
FNDA:0,(anonymous_23)
FNDA:0,(anonymous_24)
DA:1,1
DA:2,1
DA:3,1
DA:10,1
DA:39,1
DA:40,1
DA:41,1
DA:42,1
DA:43,1
DA:47,4
DA:49,4
DA:50,0
DA:51,0
DA:54,0
DA:55,0
DA:58,0
DA:59,0
DA:68,3
DA:75,5
DA:76,5
DA:77,5
DA:84,2
DA:85,2
DA:95,3
DA:96,3
DA:97,3
DA:100,3
DA:101,1
DA:102,0
DA:103,0
DA:106,1
DA:107,1
DA:108,1
DA:111,2
DA:112,2
DA:115,2
DA:116,2
DA:117,2
DA:118,2
DA:119,2
DA:120,2
DA:121,2
DA:123,2
DA:125,2
DA:133,2
DA:134,1
DA:135,1
DA:138,1
DA:139,1
DA:140,1
DA:142,0
DA:145,1
DA:146,1
DA:147,1
DA:148,1
DA:150,0
DA:151,0
DA:154,0
DA:155,0
DA:156,0
DA:158,0
DA:166,4
DA:167,4
DA:169,4
DA:170,4
DA:177,4
DA:179,4
DA:181,4
DA:182,4
DA:183,1
DA:184,1
DA:192,3
DA:193,3
DA:194,3
DA:197,3
DA:200,3
DA:201,3
DA:202,3
DA:205,3
DA:215,3
DA:217,3
DA:218,0
DA:228,3
DA:235,0
DA:236,0
DA:237,0
DA:238,0
DA:253,5
DA:254,5
DA:257,5
DA:259,5
DA:260,1
DA:271,4
DA:272,4
DA:275,4
DA:276,1
DA:277,1
DA:288,3
DA:289,1
DA:290,1
DA:298,2
DA:300,2
DA:302,1
DA:303,1
DA:304,1
DA:306,1
DA:307,0
DA:308,0
DA:315,1
DA:323,1
DA:325,1
DA:326,1
DA:328,0
DA:329,0
DA:330,0
DA:331,0
DA:346,0
DA:347,0
DA:348,0
DA:349,0
DA:351,0
DA:352,0
DA:361,0
DA:362,0
DA:365,0
DA:366,0
DA:370,0
DA:371,0
DA:372,0
DA:374,0
DA:378,0
DA:379,0
DA:383,0
DA:384,0
DA:388,0
DA:389,0
DA:392,0
DA:393,0
DA:397,0
DA:400,0
DA:401,0
DA:402,0
DA:405,0
DA:406,0
DA:410,0
DA:411,0
DA:415,0
DA:416,0
DA:421,0
DA:422,0
DA:426,0
DA:427,0
DA:428,0
DA:431,0
DA:439,0
DA:440,0
DA:448,0
DA:450,0
DA:451,0
DA:453,0
DA:454,0
DA:456,0
DA:459,0
DA:460,0
DA:462,0
DA:465,0
DA:466,0
DA:468,0
DA:471,0
DA:472,0
DA:474,0
DA:477,0
DA:478,0
DA:480,0
DA:483,0
DA:484,0
DA:486,0
DA:489,0
DA:490,0
DA:492,0
DA:493,0
DA:495,0
DA:498,0
LF:183
LH:90
BRDA:49,0,0,0
BRDA:49,0,1,4
BRDA:50,1,0,0
BRDA:50,1,1,0
BRDA:50,2,0,0
BRDA:50,2,1,0
BRDA:54,3,0,0
BRDA:54,3,1,0
BRDA:58,4,0,0
BRDA:58,4,1,0
BRDA:75,5,0,5
BRDA:75,5,1,0
BRDA:100,6,0,1
BRDA:100,6,1,2
BRDA:100,7,0,3
BRDA:100,7,1,2
BRDA:101,8,0,0
BRDA:101,8,1,1
BRDA:133,9,0,1
BRDA:133,9,1,1
BRDA:138,10,0,1
BRDA:138,10,1,0
BRDA:154,11,0,0
BRDA:154,11,1,0
BRDA:182,12,0,1
BRDA:182,12,1,3
BRDA:201,13,0,3
BRDA:201,13,1,0
BRDA:217,14,0,0
BRDA:217,14,1,3
BRDA:259,15,0,1
BRDA:259,15,1,4
BRDA:271,16,0,4
BRDA:271,16,1,0
BRDA:271,17,0,4
BRDA:271,17,1,4
BRDA:272,18,0,4
BRDA:272,18,1,0
BRDA:272,19,0,4
BRDA:272,19,1,4
BRDA:275,20,0,1
BRDA:275,20,1,3
BRDA:288,21,0,1
BRDA:288,21,1,2
BRDA:300,22,0,1
BRDA:300,22,1,1
BRDA:303,23,0,1
BRDA:303,23,1,0
BRDA:303,24,0,1
BRDA:303,24,1,1
BRDA:304,25,0,1
BRDA:304,25,1,0
BRDA:304,26,0,1
BRDA:304,26,1,1
BRDA:306,27,0,0
BRDA:306,27,1,1
BRDA:311,28,0,0
BRDA:311,28,1,0
BRDA:311,29,0,0
BRDA:311,29,1,0
BRDA:315,30,0,1
BRDA:315,30,1,0
BRDA:318,31,0,1
BRDA:318,31,1,0
BRDA:318,32,0,1
BRDA:318,32,1,1
BRDA:361,33,0,0
BRDA:361,33,1,0
BRDA:362,34,0,0
BRDA:362,34,1,0
BRDA:365,35,0,0
BRDA:365,35,1,0
BRDA:365,36,0,0
BRDA:365,36,1,0
BRDA:370,37,0,0
BRDA:370,37,1,0
BRDA:371,38,0,0
BRDA:371,38,1,0
BRDA:378,39,0,0
BRDA:378,39,1,0
BRDA:383,40,0,0
BRDA:383,40,1,0
BRDA:392,41,0,0
BRDA:392,41,1,0
BRDA:392,42,0,0
BRDA:392,42,1,0
BRDA:401,43,0,0
BRDA:401,43,1,0
BRDA:405,44,0,0
BRDA:405,44,1,0
BRDA:410,45,0,0
BRDA:410,45,1,0
BRDA:410,46,0,0
BRDA:410,46,1,0
BRDA:415,47,0,0
BRDA:415,47,1,0
BRDA:421,48,0,0
BRDA:421,48,1,0
BRDA:421,49,0,0
BRDA:421,49,1,0
BRDA:427,50,0,0
BRDA:427,50,1,0
BRDA:448,51,0,0
BRDA:448,51,1,0
BRDA:448,51,2,0
BRDA:448,51,3,0
BRDA:448,51,4,0
BRDA:448,51,5,0
BRDA:448,51,6,0
BRDA:450,52,0,0
BRDA:450,52,1,0
BRDA:453,53,0,0
BRDA:453,53,1,0
BRDA:459,54,0,0
BRDA:459,54,1,0
BRDA:459,55,0,0
BRDA:459,55,1,0
BRDA:465,56,0,0
BRDA:465,56,1,0
BRDA:465,57,0,0
BRDA:465,57,1,0
BRDA:471,58,0,0
BRDA:471,58,1,0
BRDA:471,59,0,0
BRDA:471,59,1,0
BRDA:477,60,0,0
BRDA:477,60,1,0
BRDA:483,61,0,0
BRDA:483,61,1,0
BRDA:483,62,0,0
BRDA:483,62,1,0
BRDA:489,63,0,0
BRDA:489,63,1,0
BRDA:492,64,0,0
BRDA:492,64,1,0
BRF:135
BRH:39
end_of_record
TN:
SF:server/response-utils.ts
FN:21,createSuccessResponse
FN:37,createErrorResponse
FN:64,sendSuccess
FN:73,sendError
FN:85,sendResourceCreated
FN:93,sendResourceUpdated
FN:101,sendResourceDeleted
FN:119,sendPaginatedResponse
FN:141,sendValidationError
FN:149,sendNotFoundError
FN:156,sendUnauthorizedError
FN:163,sendForbiddenError
FN:170,sendConflictError
FN:177,sendRateLimitError
FN:197,sendDatabaseError
FNF:15
FNH:15
FNDA:18,createSuccessResponse
FNDA:28,createErrorResponse
FNDA:14,sendSuccess
FNDA:22,sendError
FNDA:2,sendResourceCreated
FNDA:2,sendResourceUpdated
FNDA:2,sendResourceDeleted
FNDA:5,sendPaginatedResponse
FNDA:5,sendValidationError
FNDA:2,sendNotFoundError
FNDA:2,sendUnauthorizedError
FNDA:2,sendForbiddenError
FNDA:4,sendConflictError
FNDA:2,sendRateLimitError
FNDA:7,sendDatabaseError
DA:21,1
DA:25,18
DA:30,18
DA:31,10
DA:34,18
DA:37,1
DA:43,28
DA:48,28
DA:49,4
DA:52,28
DA:53,20
DA:56,28
DA:57,3
DA:60,28
DA:64,1
DA:70,14
DA:73,1
DA:81,22
DA:85,1
DA:90,2
DA:93,1
DA:98,2
DA:101,1
DA:105,2
DA:119,1
DA:127,5
DA:137,5
DA:141,1
DA:146,5
DA:149,1
DA:153,2
DA:156,1
DA:160,2
DA:163,1
DA:167,2
DA:170,1
DA:174,4
DA:177,1
DA:181,2
DA:189,2
DA:190,1
DA:193,2
DA:197,1
DA:202,7
DA:205,7
DA:206,7
DA:208,2
DA:211,1
DA:214,1
DA:217,1
DA:220,2
LF:51
LH:51
BRDA:30,0,0,10
BRDA:30,0,1,8
BRDA:48,1,0,4
BRDA:48,1,1,24
BRDA:48,2,0,28
BRDA:48,2,1,5
BRDA:52,3,0,20
BRDA:52,3,1,8
BRDA:56,4,0,3
BRDA:56,4,1,25
BRDA:68,5,0,11
BRDA:76,6,0,3
BRDA:90,7,0,2
BRDA:90,7,1,1
BRDA:98,8,0,2
BRDA:98,8,1,1
BRDA:105,9,0,2
BRDA:105,9,1,1
BRDA:143,10,0,1
BRDA:151,11,0,1
BRDA:158,12,0,1
BRDA:165,13,0,1
BRDA:172,14,0,1
BRDA:189,15,0,1
BRDA:189,15,1,1
BRDA:206,16,0,2
BRDA:206,16,1,1
BRDA:206,16,2,1
BRDA:206,16,3,1
BRDA:206,16,4,2
BRDA:206,17,0,0
BRDA:206,17,1,7
BRDA:206,18,0,7
BRDA:206,18,1,7
BRF:34
BRH:33
end_of_record
TN:
SF:server/storage.ts
FN:154,(anonymous_7)
FN:163,(anonymous_8)
FN:165,(anonymous_9)
FN:166,(anonymous_10)
FN:169,(anonymous_11)
FN:174,(anonymous_12)
FN:180,(anonymous_14)
FN:186,(anonymous_16)
FN:192,(anonymous_18)
FN:233,(anonymous_20)
FN:242,(anonymous_22)
FN:283,(anonymous_24)
FN:289,(anonymous_26)
FN:289,(anonymous_27)
FN:298,(anonymous_28)
FN:304,(anonymous_30)
FN:310,(anonymous_32)
FN:316,(anonymous_34)
FN:322,(anonymous_36)
FN:329,(anonymous_38)
FN:343,(anonymous_40)
FN:349,(anonymous_42)
FN:363,(anonymous_44)
FN:393,(anonymous_46)
FN:402,(anonymous_48)
FN:410,(anonymous_50)
FN:443,(anonymous_52)
FN:449,(anonymous_54)
FN:483,(anonymous_56)
FN:517,(anonymous_58)
FN:523,(anonymous_60)
FN:527,(anonymous_62)
FN:527,(anonymous_63)
FN:555,(anonymous_64)
FN:565,(anonymous_66)
FN:565,(anonymous_67)
FN:592,(anonymous_68)
FN:596,(anonymous_70)
FN:596,(anonymous_71)
FN:643,(anonymous_72)
FN:647,(anonymous_74)
FN:647,(anonymous_75)
FN:682,(anonymous_76)
FN:709,(anonymous_78)
FN:716,(anonymous_80)
FN:721,(anonymous_82)
FN:727,(anonymous_84)
FN:734,(anonymous_86)
FN:741,(anonymous_88)
FN:747,(anonymous_90)
FN:784,(anonymous_92)
FN:805,(anonymous_94)
FN:811,(anonymous_96)
FN:816,(anonymous_98)
FN:825,(anonymous_100)
FN:853,(anonymous_102)
FN:867,(anonymous_104)
FN:873,(anonymous_106)
FN:882,(anonymous_108)
FN:894,(anonymous_110)
FN:903,(anonymous_112)
FN:912,(anonymous_114)
FN:918,(anonymous_116)
FN:925,(anonymous_118)
FN:934,(anonymous_120)
FN:943,(anonymous_122)
FN:968,(anonymous_124)
FN:974,(anonymous_126)
FN:989,(anonymous_128)
FN:998,(anonymous_130)
FN:1007,(anonymous_132)
FN:1016,(anonymous_134)
FN:1031,(anonymous_136)
FN:1042,(anonymous_138)
FN:1054,(anonymous_140)
FN:1066,(anonymous_142)
FN:1072,(anonymous_144)
FN:1072,(anonymous_145)
FN:1081,(anonymous_146)
FN:1093,(anonymous_148)
FN:1109,(anonymous_150)
FN:1117,(anonymous_152)
FN:1127,(anonymous_154)
FN:1133,(anonymous_156)
FN:1133,(anonymous_157)
FN:1151,(anonymous_158)
FN:1164,(anonymous_160)
FN:1164,(anonymous_161)
FN:1176,(anonymous_162)
FN:1222,(anonymous_164)
FN:1246,(anonymous_166)
FN:1250,(anonymous_167)
FN:1295,(anonymous_168)
FN:1439,(anonymous_169)
FN:1445,(anonymous_170)
FN:1449,(anonymous_172)
FN:1450,(anonymous_174)
FN:1453,(anonymous_175)
FN:1454,(anonymous_177)
FN:1457,(anonymous_178)
FN:1484,(anonymous_180)
FN:1495,(anonymous_182)
FN:1506,(anonymous_184)
FN:1524,(anonymous_185)
FN:1528,(anonymous_187)
FN:1528,(anonymous_188)
FN:1529,(anonymous_189)
FN:1534,(anonymous_190)
FN:1538,(anonymous_192)
FN:1539,(anonymous_194)
FN:1542,(anonymous_195)
FN:1543,(anonymous_197)
FN:1546,(anonymous_198)
FN:1559,(anonymous_200)
FN:1575,(anonymous_202)
FN:1576,(anonymous_204)
FN:1579,(anonymous_205)
FN:1583,(anonymous_207)
FN:1585,(anonymous_209)
FN:1586,(anonymous_210)
FN:1589,(anonymous_211)
FN:1604,(anonymous_213)
FN:1613,(anonymous_215)
FN:1618,(anonymous_217)
FN:1620,(anonymous_219)
FN:1623,(anonymous_220)
FN:1637,(anonymous_221)
FN:1641,(anonymous_223)
FN:1660,(anonymous_225)
FN:1662,(anonymous_227)
FN:1663,(anonymous_228)
FN:1666,(anonymous_229)
FN:1680,(anonymous_230)
FN:1682,(anonymous_232)
FN:1685,(anonymous_233)
FN:1692,(anonymous_235)
FN:1702,(anonymous_237)
FN:1713,(anonymous_239)
FN:1719,(anonymous_241)
FN:1736,(anonymous_242)
FN:1741,(anonymous_244)
FN:1742,(anonymous_246)
FN:1745,(anonymous_247)
FN:1749,(anonymous_249)
FN:1751,(anonymous_251)
FN:1752,(anonymous_252)
FN:1755,(anonymous_253)
FN:1757,(anonymous_255)
FN:1758,(anonymous_256)
FN:1761,(anonymous_257)
FN:1768,(anonymous_259)
FN:1777,(anonymous_261)
FN:1782,(anonymous_263)
FN:1789,(anonymous_265)
FN:1790,(anonymous_267)
FN:1793,(anonymous_268)
FN:1802,(anonymous_270)
FN:1809,(anonymous_272)
FN:1813,(anonymous_273)
FN:1826,(anonymous_274)
FN:1827,(anonymous_276)
FN:1830,(anonymous_277)
FN:1834,(anonymous_279)
FN:1841,(anonymous_281)
FN:1850,(anonymous_283)
FN:1854,(anonymous_285)
FN:1856,(anonymous_287)
FN:1862,(anonymous_288)
FN:1873,(anonymous_290)
FN:1875,(anonymous_292)
FN:1876,(anonymous_293)
FN:1879,(anonymous_294)
FN:1881,(anonymous_296)
FN:1882,(anonymous_297)
FN:1886,(anonymous_298)
FN:1896,(anonymous_300)
FN:1914,(anonymous_302)
FN:1921,(anonymous_303)
FN:1935,(anonymous_305)
FN:1937,(anonymous_307)
FN:1944,(anonymous_308)
FN:1947,(anonymous_309)
FN:1957,(anonymous_311)
FN:1967,(anonymous_313)
FN:1977,(anonymous_315)
FN:1981,(anonymous_317)
FN:1996,(anonymous_318)
FN:1998,(anonymous_320)
FN:2003,(anonymous_321)
FN:2006,(anonymous_322)
FN:2008,(anonymous_324)
FN:2010,(anonymous_325)
FN:2015,(anonymous_326)
FN:2017,(anonymous_328)
FN:2023,(anonymous_329)
FN:2044,(anonymous_331)
FN:2044,(anonymous_332)
FN:2046,(anonymous_333)
FN:2047,(anonymous_334)
FN:2052,(anonymous_335)
FN:2066,(anonymous_337)
FN:2068,(anonymous_339)
FN:2071,(anonymous_340)
FN:2078,(anonymous_341)
FN:2082,(anonymous_343)
FN:2093,(anonymous_345)
FN:2110,(anonymous_347)
FN:2110,(anonymous_348)
FN:2114,(anonymous_349)
FN:2118,(anonymous_350)
FN:2122,(anonymous_351)
FN:2126,(anonymous_353)
FN:2132,(anonymous_354)
FN:2132,(anonymous_355)
FN:2134,(anonymous_356)
FN:2135,(anonymous_357)
FN:2140,(anonymous_358)
FN:2164,(anonymous_360)
FN:2180,createStorage
FN:2202,getStorage
FN:2211,(anonymous_366)
FNF:221
FNH:47
FNDA:64,(anonymous_7)
FNDA:5,(anonymous_8)
FNDA:0,(anonymous_9)
FNDA:0,(anonymous_10)
FNDA:3,(anonymous_11)
FNDA:4,(anonymous_12)
FNDA:2,(anonymous_14)
FNDA:1,(anonymous_16)
FNDA:4,(anonymous_18)
FNDA:2,(anonymous_20)
FNDA:3,(anonymous_22)
FNDA:1,(anonymous_24)
FNDA:2,(anonymous_26)
FNDA:2,(anonymous_27)
FNDA:1,(anonymous_28)
FNDA:1,(anonymous_30)
FNDA:1,(anonymous_32)
FNDA:1,(anonymous_34)
FNDA:1,(anonymous_36)
FNDA:8,(anonymous_38)
FNDA:1,(anonymous_40)
FNDA:1,(anonymous_42)
FNDA:3,(anonymous_44)
FNDA:2,(anonymous_46)
FNDA:1,(anonymous_48)
FNDA:2,(anonymous_50)
FNDA:1,(anonymous_52)
FNDA:0,(anonymous_54)
FNDA:0,(anonymous_56)
FNDA:0,(anonymous_58)
FNDA:6,(anonymous_60)
FNDA:5,(anonymous_62)
FNDA:5,(anonymous_63)
FNDA:2,(anonymous_64)
FNDA:2,(anonymous_66)
FNDA:2,(anonymous_67)
FNDA:0,(anonymous_68)
FNDA:0,(anonymous_70)
FNDA:0,(anonymous_71)
FNDA:0,(anonymous_72)
FNDA:0,(anonymous_74)
FNDA:0,(anonymous_75)
FNDA:0,(anonymous_76)
FNDA:2,(anonymous_78)
FNDA:1,(anonymous_80)
FNDA:0,(anonymous_82)
FNDA:1,(anonymous_84)
FNDA:1,(anonymous_86)
FNDA:1,(anonymous_88)
FNDA:1,(anonymous_90)
FNDA:1,(anonymous_92)
FNDA:0,(anonymous_94)
FNDA:0,(anonymous_96)
FNDA:0,(anonymous_98)
FNDA:0,(anonymous_100)
FNDA:4,(anonymous_102)
FNDA:0,(anonymous_104)
FNDA:2,(anonymous_106)
FNDA:0,(anonymous_108)
FNDA:1,(anonymous_110)
FNDA:2,(anonymous_112)
FNDA:1,(anonymous_114)
FNDA:1,(anonymous_116)
FNDA:2,(anonymous_118)
FNDA:1,(anonymous_120)
FNDA:2,(anonymous_122)
FNDA:0,(anonymous_124)
FNDA:0,(anonymous_126)
FNDA:0,(anonymous_128)
FNDA:0,(anonymous_130)
FNDA:0,(anonymous_132)
FNDA:0,(anonymous_134)
FNDA:0,(anonymous_136)
FNDA:0,(anonymous_138)
FNDA:0,(anonymous_140)
FNDA:0,(anonymous_142)
FNDA:0,(anonymous_144)
FNDA:0,(anonymous_145)
FNDA:0,(anonymous_146)
FNDA:0,(anonymous_148)
FNDA:0,(anonymous_150)
FNDA:0,(anonymous_152)
FNDA:0,(anonymous_154)
FNDA:0,(anonymous_156)
FNDA:0,(anonymous_157)
FNDA:0,(anonymous_158)
FNDA:0,(anonymous_160)
FNDA:0,(anonymous_161)
FNDA:0,(anonymous_162)
FNDA:0,(anonymous_164)
FNDA:0,(anonymous_166)
FNDA:0,(anonymous_167)
FNDA:0,(anonymous_168)
FNDA:0,(anonymous_169)
FNDA:0,(anonymous_170)
FNDA:0,(anonymous_172)
FNDA:0,(anonymous_174)
FNDA:0,(anonymous_175)
FNDA:0,(anonymous_177)
FNDA:0,(anonymous_178)
FNDA:0,(anonymous_180)
FNDA:0,(anonymous_182)
FNDA:0,(anonymous_184)
FNDA:0,(anonymous_185)
FNDA:0,(anonymous_187)
FNDA:0,(anonymous_188)
FNDA:0,(anonymous_189)
FNDA:0,(anonymous_190)
FNDA:0,(anonymous_192)
FNDA:0,(anonymous_194)
FNDA:0,(anonymous_195)
FNDA:0,(anonymous_197)
FNDA:0,(anonymous_198)
FNDA:0,(anonymous_200)
FNDA:0,(anonymous_202)
FNDA:0,(anonymous_204)
FNDA:0,(anonymous_205)
FNDA:0,(anonymous_207)
FNDA:0,(anonymous_209)
FNDA:0,(anonymous_210)
FNDA:0,(anonymous_211)
FNDA:0,(anonymous_213)
FNDA:0,(anonymous_215)
FNDA:0,(anonymous_217)
FNDA:0,(anonymous_219)
FNDA:0,(anonymous_220)
FNDA:0,(anonymous_221)
FNDA:0,(anonymous_223)
FNDA:0,(anonymous_225)
FNDA:0,(anonymous_227)
FNDA:0,(anonymous_228)
FNDA:0,(anonymous_229)
FNDA:0,(anonymous_230)
FNDA:0,(anonymous_232)
FNDA:0,(anonymous_233)
FNDA:0,(anonymous_235)
FNDA:0,(anonymous_237)
FNDA:0,(anonymous_239)
FNDA:0,(anonymous_241)
FNDA:0,(anonymous_242)
FNDA:0,(anonymous_244)
FNDA:0,(anonymous_246)
FNDA:0,(anonymous_247)
FNDA:0,(anonymous_249)
FNDA:0,(anonymous_251)
FNDA:0,(anonymous_252)
FNDA:0,(anonymous_253)
FNDA:0,(anonymous_255)
FNDA:0,(anonymous_256)
FNDA:0,(anonymous_257)
FNDA:0,(anonymous_259)
FNDA:0,(anonymous_261)
FNDA:0,(anonymous_263)
FNDA:0,(anonymous_265)
FNDA:0,(anonymous_267)
FNDA:0,(anonymous_268)
FNDA:0,(anonymous_270)
FNDA:0,(anonymous_272)
FNDA:0,(anonymous_273)
FNDA:0,(anonymous_274)
FNDA:0,(anonymous_276)
FNDA:0,(anonymous_277)
FNDA:0,(anonymous_279)
FNDA:0,(anonymous_281)
FNDA:0,(anonymous_283)
FNDA:0,(anonymous_285)
FNDA:0,(anonymous_287)
FNDA:0,(anonymous_288)
FNDA:0,(anonymous_290)
FNDA:0,(anonymous_292)
FNDA:0,(anonymous_293)
FNDA:0,(anonymous_294)
FNDA:0,(anonymous_296)
FNDA:0,(anonymous_297)
FNDA:0,(anonymous_298)
FNDA:0,(anonymous_300)
FNDA:0,(anonymous_302)
FNDA:0,(anonymous_303)
FNDA:0,(anonymous_305)
FNDA:0,(anonymous_307)
FNDA:0,(anonymous_308)
FNDA:0,(anonymous_309)
FNDA:0,(anonymous_311)
FNDA:0,(anonymous_313)
FNDA:0,(anonymous_315)
FNDA:0,(anonymous_317)
FNDA:0,(anonymous_318)
FNDA:0,(anonymous_320)
FNDA:0,(anonymous_321)
FNDA:0,(anonymous_322)
FNDA:0,(anonymous_324)
FNDA:0,(anonymous_325)
FNDA:0,(anonymous_326)
FNDA:0,(anonymous_328)
FNDA:0,(anonymous_329)
FNDA:0,(anonymous_331)
FNDA:0,(anonymous_332)
FNDA:0,(anonymous_333)
FNDA:0,(anonymous_334)
FNDA:0,(anonymous_335)
FNDA:0,(anonymous_337)
FNDA:0,(anonymous_339)
FNDA:0,(anonymous_340)
FNDA:0,(anonymous_341)
FNDA:0,(anonymous_343)
FNDA:0,(anonymous_345)
FNDA:0,(anonymous_347)
FNDA:0,(anonymous_348)
FNDA:0,(anonymous_349)
FNDA:0,(anonymous_350)
FNDA:0,(anonymous_351)
FNDA:0,(anonymous_353)
FNDA:0,(anonymous_354)
FNDA:0,(anonymous_355)
FNDA:0,(anonymous_356)
FNDA:0,(anonymous_357)
FNDA:0,(anonymous_358)
FNDA:0,(anonymous_360)
FNDA:0,createStorage
FNDA:0,getStorage
FNDA:0,(anonymous_366)
DA:1,1
DA:40,1
DA:41,1
DA:42,1
DA:43,1
DA:151,1
DA:155,64
DA:164,5
DA:165,5
DA:166,5
DA:170,3
DA:175,4
DA:176,3
DA:177,3
DA:181,2
DA:182,2
DA:183,2
DA:187,1
DA:188,1
DA:189,1
DA:193,4
DA:194,4
DA:195,4
DA:196,1
DA:198,3
DA:200,3
DA:202,2
DA:203,1
DA:208,1
DA:209,1
DA:214,0
DA:215,0
DA:221,1
DA:223,1
DA:229,0
DA:234,2
DA:235,2
DA:239,2
DA:243,3
DA:244,3
DA:247,3
DA:259,2
DA:261,1
DA:262,1
DA:263,0
DA:265,1
DA:266,1
DA:268,0
DA:271,1
DA:273,2
DA:275,2
DA:276,1
DA:278,1
DA:284,1
DA:285,1
DA:286,1
DA:289,2
DA:290,2
DA:291,2
DA:299,1
DA:300,1
DA:301,1
DA:305,1
DA:306,1
DA:307,1
DA:311,1
DA:312,1
DA:313,1
DA:317,1
DA:318,1
DA:319,1
DA:323,1
DA:324,1
DA:325,1
DA:330,8
DA:331,8
DA:332,8
DA:333,1
DA:336,7
DA:337,7
DA:339,7
DA:340,7
DA:344,1
DA:345,1
DA:346,1
DA:350,1
DA:351,1
DA:352,1
DA:353,0
DA:356,1
DA:357,1
DA:359,1
DA:360,1
DA:364,3
DA:365,3
DA:366,3
DA:368,2
DA:370,2
DA:372,1
DA:374,1
DA:376,1
DA:381,0
DA:383,0
DA:389,0
DA:394,2
DA:395,2
DA:397,2
DA:399,2
DA:403,1
DA:404,1
DA:406,1
DA:411,2
DA:414,2
DA:440,2
DA:444,1
DA:445,1
DA:446,1
DA:450,0
DA:453,0
DA:480,0
DA:484,0
DA:487,0
DA:514,0
DA:518,0
DA:519,0
DA:520,0
DA:524,6
DA:527,6
DA:528,5
DA:529,5
DA:530,5
DA:533,5
DA:542,4
DA:543,1
DA:550,3
DA:551,2
DA:556,2
DA:559,2
DA:560,0
DA:565,2
DA:567,2
DA:572,2
DA:573,1
DA:580,1
DA:588,1
DA:593,0
DA:596,0
DA:598,0
DA:603,0
DA:604,0
DA:610,0
DA:611,0
DA:612,0
DA:613,0
DA:616,0
DA:626,0
DA:627,0
DA:634,0
DA:639,0
DA:644,0
DA:647,0
DA:648,0
DA:649,0
DA:650,0
DA:653,0
DA:663,0
DA:664,0
DA:671,0
DA:678,0
DA:683,0
DA:684,0
DA:686,0
DA:687,0
DA:689,0
DA:698,0
DA:700,0
DA:703,0
DA:705,0
DA:706,0
DA:710,2
DA:711,2
DA:712,2
DA:717,1
DA:718,1
DA:722,0
DA:723,0
DA:724,0
DA:728,1
DA:729,1
DA:735,1
DA:736,1
DA:742,1
DA:743,1
DA:744,1
DA:748,1
DA:749,1
DA:750,1
DA:754,1
DA:756,0
DA:758,0
DA:760,0
DA:765,0
DA:767,0
DA:772,0
DA:774,0
DA:780,0
DA:785,1
DA:786,1
DA:787,1
DA:788,1
DA:790,0
DA:792,0
DA:794,0
DA:800,0
DA:806,0
DA:807,0
DA:808,0
DA:812,0
DA:813,0
DA:817,0
DA:818,0
DA:822,0
DA:826,0
DA:827,0
DA:828,0
DA:831,0
DA:832,0
DA:835,0
DA:836,0
DA:837,0
DA:840,0
DA:845,0
DA:854,4
DA:855,4
DA:856,4
DA:857,1
DA:860,3
DA:861,3
DA:863,3
DA:864,3
DA:868,0
DA:869,0
DA:870,0
DA:874,2
DA:875,2
DA:877,2
DA:879,2
DA:883,0
DA:884,0
DA:889,0
DA:891,0
DA:895,1
DA:896,1
DA:898,1
DA:900,1
DA:904,2
DA:905,2
DA:908,2
DA:913,1
DA:914,1
DA:915,1
DA:919,1
DA:920,1
DA:926,2
DA:927,2
DA:931,2
DA:935,1
DA:936,1
DA:940,1
DA:944,2
DA:947,2
DA:948,2
DA:949,1
DA:953,1
DA:954,1
DA:958,1
DA:959,1
DA:963,0
DA:964,0
DA:969,0
DA:970,0
DA:971,0
DA:975,0
DA:976,0
DA:986,0
DA:990,0
DA:991,0
DA:995,0
DA:999,0
DA:1000,0
DA:1004,0
DA:1008,0
DA:1009,0
DA:1013,0
DA:1017,0
DA:1018,0
DA:1028,0
DA:1032,0
DA:1033,0
DA:1043,0
DA:1044,0
DA:1050,0
DA:1055,0
DA:1056,0
DA:1062,0
DA:1067,0
DA:1068,0
DA:1069,0
DA:1072,0
DA:1073,0
DA:1074,0
DA:1082,0
DA:1083,0
DA:1090,0
DA:1094,0
DA:1097,0
DA:1102,0
DA:1103,0
DA:1106,0
DA:1110,0
DA:1111,0
DA:1114,0
DA:1118,0
DA:1119,0
DA:1123,0
DA:1128,0
DA:1129,0
DA:1130,0
DA:1133,0
DA:1134,0
DA:1135,0
DA:1137,0
DA:1138,0
DA:1145,0
DA:1152,0
DA:1153,0
DA:1155,0
DA:1156,0
DA:1157,0
DA:1160,0
DA:1161,0
DA:1164,0
DA:1165,0
DA:1166,0
DA:1177,0
DA:1178,0
DA:1179,0
DA:1180,0
DA:1184,0
DA:1211,0
DA:1212,0
DA:1213,0
DA:1215,0
DA:1223,0
DA:1224,0
DA:1226,0
DA:1230,0
DA:1235,1
DA:1236,0
DA:1237,0
DA:1238,0
DA:1239,0
DA:1240,0
DA:1241,0
DA:1242,0
DA:1243,0
DA:1244,0
DA:1247,0
DA:1252,0
DA:1261,0
DA:1264,0
DA:1295,0
DA:1298,0
DA:1439,0
DA:1441,0
DA:1446,0
DA:1450,0
DA:1454,0
DA:1458,0
DA:1459,0
DA:1480,0
DA:1481,0
DA:1485,0
DA:1486,0
DA:1487,0
DA:1490,0
DA:1491,0
DA:1492,0
DA:1496,0
DA:1497,0
DA:1498,0
DA:1501,0
DA:1502,0
DA:1506,0
DA:1507,0
DA:1508,0
DA:1512,0
DA:1519,0
DA:1520,0
DA:1525,0
DA:1528,0
DA:1529,0
DA:1530,0
DA:1535,0
DA:1539,0
DA:1543,0
DA:1547,0
DA:1548,0
DA:1555,0
DA:1556,0
DA:1560,0
DA:1561,0
DA:1562,0
DA:1565,0
DA:1570,0
DA:1571,0
DA:1576,0
DA:1580,0
DA:1584,0
DA:1585,0
DA:1586,0
DA:1590,0
DA:1591,0
DA:1600,0
DA:1601,0
DA:1605,0
DA:1606,0
DA:1608,0
DA:1609,0
DA:1610,0
DA:1614,0
DA:1619,0
DA:1620,0
DA:1623,0
DA:1624,0
DA:1625,0
DA:1626,0
DA:1628,0
DA:1638,0
DA:1642,0
DA:1643,0
DA:1644,0
DA:1648,0
DA:1649,0
DA:1650,0
DA:1652,0
DA:1661,0
DA:1662,0
DA:1663,0
DA:1666,0
DA:1667,0
DA:1668,0
DA:1669,0
DA:1671,0
DA:1681,0
DA:1682,0
DA:1686,0
DA:1687,0
DA:1688,0
DA:1689,0
DA:1693,0
DA:1694,0
DA:1695,0
DA:1696,0
DA:1697,0
DA:1699,0
DA:1703,0
DA:1704,0
DA:1705,0
DA:1706,0
DA:1707,0
DA:1708,0
DA:1710,0
DA:1714,0
DA:1716,0
DA:1717,0
DA:1719,0
DA:1721,0
DA:1724,0
DA:1727,0
DA:1730,0
DA:1733,0
DA:1737,0
DA:1742,0
DA:1746,0
DA:1750,0
DA:1751,0
DA:1752,0
DA:1756,0
DA:1757,0
DA:1758,0
DA:1762,0
DA:1763,0
DA:1764,0
DA:1765,0
DA:1769,0
DA:1770,0
DA:1772,0
DA:1773,0
DA:1774,0
DA:1778,0
DA:1783,0
DA:1784,0
DA:1785,0
DA:1786,0
DA:1790,0
DA:1794,0
DA:1795,0
DA:1797,0
DA:1798,0
DA:1799,0
DA:1803,0
DA:1804,0
DA:1807,0
DA:1808,0
DA:1809,0
DA:1813,0
DA:1815,0
DA:1816,0
DA:1818,0
DA:1827,0
DA:1831,0
DA:1835,0
DA:1836,0
DA:1837,0
DA:1838,0
DA:1842,0
DA:1843,0
DA:1845,0
DA:1846,0
DA:1847,0
DA:1851,0
DA:1855,0
DA:1856,0
DA:1860,0
DA:1863,0
DA:1864,0
DA:1869,0
DA:1870,0
DA:1874,0
DA:1875,0
DA:1876,0
DA:1880,0
DA:1881,0
DA:1882,0
DA:1883,0
DA:1887,0
DA:1888,0
DA:1889,0
DA:1890,0
DA:1891,0
DA:1893,0
DA:1898,0
DA:1899,0
DA:1900,0
DA:1904,0
DA:1905,0
DA:1909,0
DA:1910,0
DA:1914,0
DA:1915,0
DA:1919,0
DA:1922,0
DA:1923,0
DA:1931,0
DA:1932,0
DA:1936,0
DA:1938,0
DA:1944,0
DA:1948,0
DA:1949,0
DA:1950,0
DA:1951,0
DA:1952,0
DA:1954,0
DA:1958,0
DA:1959,0
DA:1960,0
DA:1961,0
DA:1962,0
DA:1964,0
DA:1968,0
DA:1969,0
DA:1970,0
DA:1971,0
DA:1972,0
DA:1974,0
DA:1978,0
DA:1979,0
DA:1981,0
DA:1982,0
DA:1987,0
DA:1988,0
DA:1989,0
DA:1993,0
DA:1997,0
DA:1999,0
DA:2003,0
DA:2007,0
DA:2008,0
DA:2010,0
DA:2011,0
DA:2016,0
DA:2017,0
DA:2021,0
DA:2024,0
DA:2025,0
DA:2040,0
DA:2041,0
DA:2044,0
DA:2045,0
DA:2046,0
DA:2047,0
DA:2053,0
DA:2054,0
DA:2055,0
DA:2060,0
DA:2063,0
DA:2067,0
DA:2068,0
DA:2070,0
DA:2071,0
DA:2074,0
DA:2075,0
DA:2079,0
DA:2083,0
DA:2084,0
DA:2086,0
DA:2087,0
DA:2091,0
DA:2094,0
DA:2095,0
DA:2106,0
DA:2107,0
DA:2110,0
DA:2111,0
DA:2113,0
DA:2114,0
DA:2117,0
DA:2118,0
DA:2123,0
DA:2125,0
DA:2126,0
DA:2129,0
DA:2132,0
DA:2133,0
DA:2134,0
DA:2135,0
DA:2141,0
DA:2142,0
DA:2144,0
DA:2146,0
DA:2148,0
DA:2149,0
DA:2152,0
DA:2154,0
DA:2155,0
DA:2159,0
DA:2160,0
DA:2161,0
DA:2165,0
DA:2166,0
DA:2168,0
DA:2169,0
DA:2170,0
DA:2171,0
DA:2175,0
DA:2181,0
DA:2182,0
DA:2183,0
DA:2184,0
DA:2187,0
DA:2188,0
DA:2190,0
DA:2192,0
DA:2193,0
DA:2194,0
DA:2195,0
DA:2200,1
DA:2202,1
DA:2203,0
DA:2204,0
DA:2206,0
DA:2210,1
DA:2212,0
LF:685
LH:188
BRDA:200,0,0,2
BRDA:200,0,1,1
BRDA:202,1,0,1
BRDA:202,1,1,1
BRDA:202,2,0,0
BRDA:202,2,1,2
BRDA:202,3,0,2
BRDA:202,3,1,2
BRDA:208,4,0,1
BRDA:208,4,1,0
BRDA:208,5,0,0
BRDA:208,5,1,1
BRDA:208,6,0,1
BRDA:208,6,1,1
BRDA:214,7,0,0
BRDA:214,7,1,0
BRDA:214,8,0,0
BRDA:214,8,1,0
BRDA:214,9,0,0
BRDA:214,9,1,0
BRDA:221,10,0,1
BRDA:221,10,1,0
BRDA:259,11,0,1
BRDA:259,11,1,1
BRDA:262,12,0,0
BRDA:262,12,1,1
BRDA:265,13,0,1
BRDA:265,13,1,0
BRDA:275,14,0,1
BRDA:275,14,1,1
BRDA:275,15,0,2
BRDA:275,15,1,1
BRDA:275,16,0,0
BRDA:275,16,1,1
BRDA:275,17,0,1
BRDA:275,17,1,1
BRDA:289,18,0,1
BRDA:289,19,0,1
BRDA:332,20,0,1
BRDA:332,20,1,7
BRDA:352,21,0,0
BRDA:352,21,1,1
BRDA:374,22,0,1
BRDA:374,22,1,0
BRDA:381,23,0,0
BRDA:381,23,1,0
BRDA:542,24,0,1
BRDA:542,24,1,3
BRDA:559,25,0,0
BRDA:559,25,1,2
BRDA:572,26,0,1
BRDA:572,26,1,1
BRDA:603,27,0,0
BRDA:603,27,1,0
BRDA:626,28,0,0
BRDA:626,28,1,0
BRDA:663,29,0,0
BRDA:663,29,1,0
BRDA:698,30,0,0
BRDA:698,30,1,0
BRDA:758,31,0,0
BRDA:758,31,1,0
BRDA:765,32,0,0
BRDA:765,32,1,0
BRDA:772,33,0,0
BRDA:772,33,1,0
BRDA:792,34,0,0
BRDA:792,34,1,0
BRDA:827,35,0,0
BRDA:827,36,0,0
BRDA:832,37,0,0
BRDA:832,37,1,0
BRDA:836,38,0,0
BRDA:836,38,1,0
BRDA:848,39,0,0
BRDA:848,39,1,0
BRDA:856,40,0,1
BRDA:856,40,1,3
BRDA:900,41,0,0
BRDA:900,41,1,1
BRDA:900,42,0,1
BRDA:900,42,1,1
BRDA:908,43,0,2
BRDA:908,43,1,0
BRDA:908,44,0,2
BRDA:908,44,1,2
BRDA:948,45,0,1
BRDA:948,45,1,1
BRDA:954,46,0,1
BRDA:954,46,1,0
BRDA:954,46,2,0
BRDA:958,47,0,1
BRDA:958,47,1,0
BRDA:1072,48,0,0
BRDA:1086,49,0,0
BRDA:1086,49,1,0
BRDA:1102,50,0,0
BRDA:1102,50,1,0
BRDA:1114,51,0,0
BRDA:1114,51,1,0
BRDA:1133,52,0,0
BRDA:1133,53,0,0
BRDA:1137,54,0,0
BRDA:1137,54,1,0
BRDA:1155,55,0,0
BRDA:1155,55,1,0
BRDA:1157,56,0,0
BRDA:1157,56,1,0
BRDA:1157,57,0,0
BRDA:1157,57,1,0
BRDA:1157,58,0,0
BRDA:1157,58,1,0
BRDA:1161,59,0,0
BRDA:1161,59,1,0
BRDA:1161,60,0,0
BRDA:1161,60,1,0
BRDA:1161,61,0,0
BRDA:1161,61,1,0
BRDA:1164,62,0,0
BRDA:1462,63,0,0
BRDA:1462,63,1,0
BRDA:1462,64,0,0
BRDA:1462,64,1,0
BRDA:1463,65,0,0
BRDA:1463,65,1,0
BRDA:1463,66,0,0
BRDA:1463,66,1,0
BRDA:1464,67,0,0
BRDA:1464,67,1,0
BRDA:1464,68,0,0
BRDA:1464,68,1,0
BRDA:1465,69,0,0
BRDA:1465,69,1,0
BRDA:1465,70,0,0
BRDA:1465,70,1,0
BRDA:1466,71,0,0
BRDA:1466,71,1,0
BRDA:1466,72,0,0
BRDA:1466,72,1,0
BRDA:1467,73,0,0
BRDA:1467,73,1,0
BRDA:1467,74,0,0
BRDA:1467,74,1,0
BRDA:1468,75,0,0
BRDA:1468,75,1,0
BRDA:1468,76,0,0
BRDA:1468,76,1,0
BRDA:1469,77,0,0
BRDA:1469,77,1,0
BRDA:1469,78,0,0
BRDA:1469,78,1,0
BRDA:1470,79,0,0
BRDA:1470,79,1,0
BRDA:1470,80,0,0
BRDA:1470,80,1,0
BRDA:1471,81,0,0
BRDA:1471,81,1,0
BRDA:1471,82,0,0
BRDA:1471,82,1,0
BRDA:1472,83,0,0
BRDA:1472,83,1,0
BRDA:1472,84,0,0
BRDA:1472,84,1,0
BRDA:1474,85,0,0
BRDA:1474,85,1,0
BRDA:1474,86,0,0
BRDA:1474,86,1,0
BRDA:1475,87,0,0
BRDA:1475,87,1,0
BRDA:1475,88,0,0
BRDA:1475,88,1,0
BRDA:1476,89,0,0
BRDA:1476,89,1,0
BRDA:1476,90,0,0
BRDA:1476,90,1,0
BRDA:1477,91,0,0
BRDA:1477,91,1,0
BRDA:1477,92,0,0
BRDA:1477,92,1,0
BRDA:1478,93,0,0
BRDA:1478,93,1,0
BRDA:1478,94,0,0
BRDA:1478,94,1,0
BRDA:1486,95,0,0
BRDA:1486,95,1,0
BRDA:1497,96,0,0
BRDA:1497,96,1,0
BRDA:1501,97,0,0
BRDA:1501,97,1,0
BRDA:1507,98,0,0
BRDA:1507,98,1,0
BRDA:1528,99,0,0
BRDA:1528,100,0,0
BRDA:1551,101,0,0
BRDA:1551,101,1,0
BRDA:1552,102,0,0
BRDA:1552,102,1,0
BRDA:1561,103,0,0
BRDA:1561,103,1,0
BRDA:1576,104,0,0
BRDA:1576,104,1,0
BRDA:1594,105,0,0
BRDA:1594,105,1,0
BRDA:1594,106,0,0
BRDA:1594,106,1,0
BRDA:1595,107,0,0
BRDA:1595,107,1,0
BRDA:1595,108,0,0
BRDA:1595,108,1,0
BRDA:1596,109,0,0
BRDA:1596,109,1,0
BRDA:1596,110,0,0
BRDA:1596,110,1,0
BRDA:1597,111,0,0
BRDA:1597,111,1,0
BRDA:1597,112,0,0
BRDA:1597,112,1,0
BRDA:1598,113,0,0
BRDA:1598,113,1,0
BRDA:1598,114,0,0
BRDA:1598,114,1,0
BRDA:1606,115,0,0
BRDA:1606,115,1,0
BRDA:1630,116,0,0
BRDA:1630,116,1,0
BRDA:1630,117,0,0
BRDA:1630,117,1,0
BRDA:1630,118,0,0
BRDA:1630,118,1,0
BRDA:1631,119,0,0
BRDA:1631,119,1,0
BRDA:1631,120,0,0
BRDA:1631,120,1,0
BRDA:1631,121,0,0
BRDA:1631,121,1,0
BRDA:1632,122,0,0
BRDA:1632,122,1,0
BRDA:1632,123,0,0
BRDA:1632,123,1,0
BRDA:1632,124,0,0
BRDA:1632,124,1,0
BRDA:1643,125,0,0
BRDA:1643,125,1,0
BRDA:1654,126,0,0
BRDA:1654,126,1,0
BRDA:1654,127,0,0
BRDA:1654,127,1,0
BRDA:1654,128,0,0
BRDA:1654,128,1,0
BRDA:1655,129,0,0
BRDA:1655,129,1,0
BRDA:1655,130,0,0
BRDA:1655,130,1,0
BRDA:1655,131,0,0
BRDA:1655,131,1,0
BRDA:1656,132,0,0
BRDA:1656,132,1,0
BRDA:1656,133,0,0
BRDA:1656,133,1,0
BRDA:1656,134,0,0
BRDA:1656,134,1,0
BRDA:1673,135,0,0
BRDA:1673,135,1,0
BRDA:1673,136,0,0
BRDA:1673,136,1,0
BRDA:1673,137,0,0
BRDA:1673,137,1,0
BRDA:1674,138,0,0
BRDA:1674,138,1,0
BRDA:1674,139,0,0
BRDA:1674,139,1,0
BRDA:1674,140,0,0
BRDA:1674,140,1,0
BRDA:1675,141,0,0
BRDA:1675,141,1,0
BRDA:1675,142,0,0
BRDA:1675,142,1,0
BRDA:1675,143,0,0
BRDA:1675,143,1,0
BRDA:1687,144,0,0
BRDA:1687,144,1,0
BRDA:1687,145,0,0
BRDA:1687,145,1,0
BRDA:1687,146,0,0
BRDA:1687,146,1,0
BRDA:1687,147,0,0
BRDA:1687,147,1,0
BRDA:1687,148,0,0
BRDA:1687,148,1,0
BRDA:1687,149,0,0
BRDA:1687,149,1,0
BRDA:1687,150,0,0
BRDA:1687,150,1,0
BRDA:1694,151,0,0
BRDA:1694,151,1,0
BRDA:1704,152,0,0
BRDA:1704,152,1,0
BRDA:1721,153,0,0
BRDA:1721,153,1,0
BRDA:1724,154,0,0
BRDA:1724,154,1,0
BRDA:1727,155,0,0
BRDA:1727,155,1,0
BRDA:1727,156,0,0
BRDA:1727,156,1,0
BRDA:1730,157,0,0
BRDA:1730,157,1,0
BRDA:1763,158,0,0
BRDA:1763,158,1,0
BRDA:1763,159,0,0
BRDA:1763,159,1,0
BRDA:1763,160,0,0
BRDA:1763,160,1,0
BRDA:1763,161,0,0
BRDA:1763,161,1,0
BRDA:1763,162,0,0
BRDA:1763,162,1,0
BRDA:1763,163,0,0
BRDA:1763,163,1,0
BRDA:1763,164,0,0
BRDA:1763,164,1,0
BRDA:1763,165,0,0
BRDA:1763,165,1,0
BRDA:1770,166,0,0
BRDA:1770,166,1,0
BRDA:1795,167,0,0
BRDA:1795,167,1,0
BRDA:1803,168,0,0
BRDA:1803,169,0,0
BRDA:1808,170,0,0
BRDA:1808,170,1,0
BRDA:1836,171,0,0
BRDA:1836,171,1,0
BRDA:1836,172,0,0
BRDA:1836,172,1,0
BRDA:1843,173,0,0
BRDA:1843,173,1,0
BRDA:1888,174,0,0
BRDA:1888,174,1,0
BRDA:1899,175,0,0
BRDA:1899,175,1,0
BRDA:1905,176,0,0
BRDA:1905,176,1,0
BRDA:1905,176,2,0
BRDA:1909,177,0,0
BRDA:1909,177,1,0
BRDA:1928,178,0,0
BRDA:1928,178,1,0
BRDA:1928,179,0,0
BRDA:1928,179,1,0
BRDA:1938,180,0,0
BRDA:1938,180,1,0
BRDA:1938,180,2,0
BRDA:1938,180,3,0
BRDA:1938,180,4,0
BRDA:1949,181,0,0
BRDA:1949,181,1,0
BRDA:1950,182,0,0
BRDA:1950,182,1,0
BRDA:1950,183,0,0
BRDA:1950,183,1,0
BRDA:1959,184,0,0
BRDA:1959,184,1,0
BRDA:1969,185,0,0
BRDA:1969,185,1,0
BRDA:1982,186,0,0
BRDA:1982,186,1,0
BRDA:1982,187,0,0
BRDA:1982,187,1,0
BRDA:1982,187,2,0
BRDA:1982,187,3,0
BRDA:1982,187,4,0
BRDA:1999,188,0,0
BRDA:1999,188,1,0
BRDA:1999,188,2,0
BRDA:2008,189,0,0
BRDA:2008,189,1,0
BRDA:2017,190,0,0
BRDA:2017,190,1,0
BRDA:2028,191,0,0
BRDA:2028,191,1,0
BRDA:2028,192,0,0
BRDA:2028,192,1,0
BRDA:2029,193,0,0
BRDA:2029,193,1,0
BRDA:2029,194,0,0
BRDA:2029,194,1,0
BRDA:2030,195,0,0
BRDA:2030,195,1,0
BRDA:2030,196,0,0
BRDA:2030,196,1,0
BRDA:2031,197,0,0
BRDA:2031,197,1,0
BRDA:2031,198,0,0
BRDA:2031,198,1,0
BRDA:2032,199,0,0
BRDA:2032,199,1,0
BRDA:2032,200,0,0
BRDA:2032,200,1,0
BRDA:2044,201,0,0
BRDA:2054,202,0,0
BRDA:2054,202,1,0
BRDA:2058,203,0,0
BRDA:2058,203,1,0
BRDA:2070,204,0,0
BRDA:2070,204,1,0
BRDA:2079,205,0,0
BRDA:2079,205,1,0
BRDA:2084,206,0,0
BRDA:2084,206,1,0
BRDA:2098,207,0,0
BRDA:2098,207,1,0
BRDA:2098,208,0,0
BRDA:2098,208,1,0
BRDA:2099,209,0,0
BRDA:2099,209,1,0
BRDA:2099,210,0,0
BRDA:2099,210,1,0
BRDA:2100,211,0,0
BRDA:2100,211,1,0
BRDA:2100,212,0,0
BRDA:2100,212,1,0
BRDA:2101,213,0,0
BRDA:2101,213,1,0
BRDA:2101,214,0,0
BRDA:2101,214,1,0
BRDA:2102,215,0,0
BRDA:2102,215,1,0
BRDA:2102,216,0,0
BRDA:2102,216,1,0
BRDA:2103,217,0,0
BRDA:2103,217,1,0
BRDA:2103,218,0,0
BRDA:2103,218,1,0
BRDA:2110,219,0,0
BRDA:2110,220,0,0
BRDA:2113,221,0,0
BRDA:2113,221,1,0
BRDA:2125,222,0,0
BRDA:2125,222,1,0
BRDA:2132,223,0,0
BRDA:2134,224,0,0
BRDA:2134,224,1,0
BRDA:2146,225,0,0
BRDA:2146,225,1,0
BRDA:2152,226,0,0
BRDA:2152,226,1,0
BRDA:2169,227,0,0
BRDA:2169,227,1,0
BRDA:2192,228,0,0
BRDA:2192,228,1,0
BRDA:2203,229,0,0
BRDA:2203,229,1,0
BRF:453
BRH:46
end_of_record
TN:
SF:server/whatsapp-service.ts
FN:94,(anonymous_7)
FN:117,(anonymous_8)
FN:128,(anonymous_9)
FN:160,(anonymous_10)
FN:175,(anonymous_11)
FN:196,(anonymous_12)
FN:203,(anonymous_13)
FN:210,(anonymous_14)
FN:250,(anonymous_15)
FN:260,(anonymous_16)
FN:261,(anonymous_17)
FN:270,(anonymous_18)
FN:289,(anonymous_19)
FN:290,(anonymous_20)
FN:335,(anonymous_21)
FN:352,(anonymous_22)
FN:360,(anonymous_23)
FN:360,(anonymous_24)
FN:415,(anonymous_25)
FN:430,(anonymous_26)
FN:458,(anonymous_27)
FN:481,(anonymous_28)
FN:508,(anonymous_29)
FN:527,(anonymous_30)
FN:550,(anonymous_31)
FN:576,(anonymous_32)
FN:615,(anonymous_34)
FN:648,(anonymous_36)
FN:705,(anonymous_38)
FN:780,(anonymous_40)
FN:927,(anonymous_41)
FN:967,(anonymous_42)
FN:981,(anonymous_44)
FN:995,(anonymous_46)
FN:1009,(anonymous_48)
FN:1023,(anonymous_50)
FN:1037,(anonymous_52)
FN:1050,(anonymous_53)
FN:1067,(anonymous_54)
FNF:39
FNH:26
FNDA:1,(anonymous_7)
FNDA:1,(anonymous_8)
FNDA:4,(anonymous_9)
FNDA:1,(anonymous_10)
FNDA:3,(anonymous_11)
FNDA:4,(anonymous_12)
FNDA:0,(anonymous_13)
FNDA:0,(anonymous_14)
FNDA:9,(anonymous_15)
FNDA:9,(anonymous_16)
FNDA:9,(anonymous_17)
FNDA:15,(anonymous_18)
FNDA:4,(anonymous_19)
FNDA:4,(anonymous_20)
FNDA:13,(anonymous_21)
FNDA:13,(anonymous_22)
FNDA:0,(anonymous_23)
FNDA:0,(anonymous_24)
FNDA:5,(anonymous_25)
FNDA:5,(anonymous_26)
FNDA:3,(anonymous_27)
FNDA:1,(anonymous_28)
FNDA:0,(anonymous_29)
FNDA:0,(anonymous_30)
FNDA:0,(anonymous_31)
FNDA:13,(anonymous_32)
FNDA:3,(anonymous_34)
FNDA:3,(anonymous_36)
FNDA:4,(anonymous_38)
FNDA:13,(anonymous_40)
FNDA:4,(anonymous_41)
FNDA:4,(anonymous_42)
FNDA:1,(anonymous_44)
FNDA:0,(anonymous_46)
FNDA:0,(anonymous_48)
FNDA:0,(anonymous_50)
FNDA:0,(anonymous_52)
FNDA:0,(anonymous_53)
FNDA:0,(anonymous_54)
DA:1,1
DA:3,1
DA:10,1
DA:94,1
DA:95,1
DA:96,1
DA:97,1
DA:109,1
DA:110,1
DA:111,1
DA:114,1
DA:115,1
DA:118,1
DA:119,1
DA:129,4
DA:130,4
DA:133,0
DA:135,0
DA:136,0
DA:137,0
DA:138,0
DA:139,0
DA:141,0
DA:145,0
DA:146,0
DA:147,0
DA:150,0
DA:151,0
DA:152,0
DA:161,1
DA:162,0
DA:164,1
DA:165,1
DA:166,1
DA:167,1
DA:176,3
DA:177,3
DA:179,3
DA:180,0
DA:181,0
DA:182,0
DA:183,0
DA:186,3
DA:187,0
DA:188,0
DA:189,0
DA:197,4
DA:204,0
DA:211,0
DA:212,0
DA:213,0
DA:214,0
DA:215,0
DA:219,1
DA:220,1
DA:223,1
DA:224,1
DA:225,1
DA:226,1
DA:229,1
DA:230,1
DA:235,1
DA:236,1
DA:239,1
DA:251,9
DA:252,9
DA:261,9
DA:271,15
DA:273,15
DA:274,15
DA:275,15
DA:277,15
DA:290,4
DA:296,4
DA:297,13
DA:298,13
DA:300,1
DA:301,0
DA:304,1
DA:306,12
DA:308,12
DA:311,12
DA:312,0
DA:313,0
DA:317,12
DA:318,3
DA:319,3
DA:323,9
DA:324,9
DA:325,9
DA:329,3
DA:336,13
DA:338,13
DA:339,0
DA:340,0
DA:343,0
DA:344,0
DA:353,13
DA:356,13
DA:357,0
DA:358,0
DA:360,0
DA:361,0
DA:362,0
DA:369,13
DA:370,13
DA:371,13
DA:373,0
DA:374,0
DA:381,1
DA:416,5
DA:417,5
DA:419,5
DA:420,5
DA:421,0
DA:424,5
DA:431,5
DA:432,0
DA:435,5
DA:436,5
DA:438,5
DA:439,1
DA:442,4
DA:443,0
DA:446,4
DA:448,4
DA:449,0
DA:452,4
DA:459,3
DA:460,3
DA:462,3
DA:482,1
DA:489,1
DA:490,1
DA:492,1
DA:509,0
DA:528,0
DA:551,0
DA:552,0
DA:554,0
DA:582,13
DA:584,13
DA:590,13
DA:592,1
DA:594,1
DA:620,3
DA:621,3
DA:622,3
DA:628,0
DA:629,0
DA:630,0
DA:632,0
DA:653,3
DA:654,0
DA:655,0
DA:660,3
DA:661,3
DA:662,3
DA:667,0
DA:669,0
DA:670,0
DA:671,0
DA:679,0
DA:680,0
DA:682,0
DA:685,0
DA:687,0
DA:688,0
DA:689,0
DA:712,4
DA:715,4
DA:716,4
DA:717,4
DA:718,4
DA:721,4
DA:722,0
DA:723,0
DA:726,0
DA:727,0
DA:728,0
DA:729,0
DA:737,0
DA:738,0
DA:739,0
DA:740,0
DA:748,0
DA:758,4
DA:759,4
DA:760,4
DA:761,4
DA:770,4
DA:771,4
DA:773,0
DA:774,0
DA:778,4
DA:779,4
DA:780,13
DA:785,4
DA:786,1
DA:788,3
DA:792,4
DA:793,4
DA:794,4
DA:796,4
DA:797,1
DA:809,3
DA:810,3
DA:824,0
DA:825,0
DA:830,4
DA:831,1
DA:842,3
DA:843,3
DA:846,3
DA:847,3
DA:849,3
DA:851,0
DA:852,0
DA:853,0
DA:854,0
DA:863,0
DA:867,0
DA:877,3
DA:878,3
DA:879,3
DA:881,3
DA:883,0
DA:884,0
DA:885,0
DA:886,0
DA:895,0
DA:899,0
DA:909,3
DA:911,3
DA:929,4
DA:932,4
DA:933,12
DA:936,12
DA:955,12
DA:956,4
DA:961,0
DA:973,4
DA:974,3
DA:975,3
DA:987,1
DA:988,1
DA:989,1
DA:1001,0
DA:1002,0
DA:1003,0
DA:1015,0
DA:1016,0
DA:1017,0
DA:1029,0
DA:1030,0
DA:1031,0
DA:1038,0
DA:1039,0
DA:1040,0
DA:1042,0
DA:1043,0
DA:1056,0
DA:1068,0
LF:263
LH:152
BRDA:94,0,0,1
BRDA:94,0,1,1
BRDA:129,1,0,4
BRDA:129,1,1,0
BRDA:133,2,0,0
BRDA:133,2,1,0
BRDA:135,3,0,0
BRDA:135,3,1,0
BRDA:145,4,0,0
BRDA:145,4,1,0
BRDA:161,5,0,0
BRDA:161,5,1,1
BRDA:179,6,0,0
BRDA:179,6,1,3
BRDA:186,7,0,0
BRDA:186,7,1,3
BRDA:271,8,0,0
BRDA:271,8,1,15
BRDA:271,9,0,15
BRDA:271,9,1,15
BRDA:273,10,0,0
BRDA:273,10,1,15
BRDA:273,11,0,0
BRDA:273,11,1,0
BRDA:274,12,0,15
BRDA:274,12,1,0
BRDA:292,13,0,4
BRDA:300,14,0,0
BRDA:300,14,1,1
BRDA:311,15,0,0
BRDA:311,15,1,12
BRDA:317,16,0,3
BRDA:317,16,1,9
BRDA:338,17,0,0
BRDA:338,17,1,13
BRDA:339,18,0,0
BRDA:339,18,1,0
BRDA:343,19,0,0
BRDA:343,19,1,0
BRDA:356,20,0,0
BRDA:356,20,1,13
BRDA:356,21,0,13
BRDA:356,21,1,13
BRDA:420,22,0,0
BRDA:420,22,1,5
BRDA:420,23,0,5
BRDA:420,23,1,5
BRDA:431,24,0,0
BRDA:431,24,1,5
BRDA:431,25,0,5
BRDA:431,25,1,5
BRDA:438,26,0,1
BRDA:438,26,1,4
BRDA:438,27,0,5
BRDA:438,27,1,4
BRDA:438,27,2,4
BRDA:442,28,0,0
BRDA:442,28,1,4
BRDA:442,29,0,4
BRDA:442,29,1,4
BRDA:448,30,0,0
BRDA:448,30,1,4
BRDA:448,31,0,4
BRDA:448,31,1,4
BRDA:459,32,0,0
BRDA:459,32,1,3
BRDA:460,33,0,0
BRDA:460,33,1,3
BRDA:489,34,0,1
BRDA:489,34,1,0
BRDA:490,35,0,0
BRDA:490,35,1,1
BRDA:551,36,0,0
BRDA:551,36,1,0
BRDA:552,37,0,0
BRDA:552,37,1,0
BRDA:620,38,0,3
BRDA:620,38,1,0
BRDA:653,39,0,0
BRDA:653,39,1,3
BRDA:660,40,0,3
BRDA:660,40,1,0
BRDA:670,41,0,0
BRDA:670,41,1,0
BRDA:679,42,0,0
BRDA:679,42,1,0
BRDA:712,43,0,3
BRDA:712,43,1,1
BRDA:716,44,0,4
BRDA:716,44,1,0
BRDA:721,45,0,0
BRDA:721,45,1,4
BRDA:728,46,0,0
BRDA:728,46,1,0
BRDA:739,47,0,0
BRDA:739,47,1,0
BRDA:767,48,0,4
BRDA:767,48,1,1
BRDA:785,49,0,1
BRDA:785,49,1,3
BRDA:792,50,0,4
BRDA:792,50,1,0
BRDA:796,51,0,1
BRDA:796,51,1,3
BRDA:796,52,0,4
BRDA:796,52,1,1
BRDA:811,53,0,3
BRDA:811,53,1,0
BRDA:830,54,0,1
BRDA:830,54,1,3
BRDA:830,55,0,4
BRDA:830,55,1,1
BRDA:849,56,0,0
BRDA:849,56,1,3
BRDA:851,57,0,0
BRDA:851,57,1,0
BRDA:881,58,0,0
BRDA:881,58,1,3
BRDA:883,59,0,0
BRDA:883,59,1,0
BRDA:955,60,0,4
BRDA:955,60,1,8
BRDA:220,61,0,1
BRDA:220,61,1,0
BRDA:223,62,0,1
BRDA:223,62,1,1
BRDA:224,63,0,1
BRDA:224,63,1,1
BRDA:225,64,0,1
BRDA:225,64,1,1
BRDA:226,65,0,1
BRDA:226,65,1,1
BRDA:229,66,0,1
BRDA:229,66,1,1
BRDA:230,67,0,1
BRDA:230,67,1,1
BRF:136
BRH:79
end_of_record
